<!DOCTYPE html PUBLIC "-//W3C//DTD XHTML 1.1//EN" "http://www.w3.org/TR/xhtml11/DTD/xhtml11.dtd">
<html xmlns="http://www.w3.org/1999/xhtml">
<head>
<meta http-equiv="content-type" content="text/html; charset=UTF-8"/>
<title>TestNG Report</title>
<style type="text/css">table {margin-bottom:10px;border-collapse:collapse;empty-cells:show}th,td {border:1px solid #009;padding:.25em .5em}th {vertical-align:bottom}td {vertical-align:top}table a {font-weight:bold}.stripe td {background-color: #E6EBF9}.num {text-align:right}.passedodd td {background-color: #3F3}.passedeven td {background-color: #0A0}.skippedodd td {background-color: #DDD}.skippedeven td {background-color: #CCC}.failedodd td,.attn {background-color: #F33}.failedeven td,.stripe .attn {background-color: #D00}.stacktrace {white-space:pre;font-family:monospace}.totop {font-size:85%;text-align:center;border-bottom:2px solid #000}.invisible {display:none}</style>
</head>
<body>
<table>
<tr><th>Test</th><th># Passed</th><th># Skipped</th><th># Retried</th><th># Failed</th><th>Time (ms)</th><th>Included Groups</th><th>Excluded Groups</th></tr>
<tr><th colspan="7">swaglabs</th></tr>
<tr><td><a href="#t0">LockedOutUserTest</a></td><td class="num">0</td><td class="num attn">1</td><td class="num">0</td><td class="num">0</td><td class="num">1,390</td><td></td><td></td></tr>
<tr class="stripe"><td><a href="#t1">StandardUserTest</a></td><td class="num">0</td><td class="num attn">1</td><td class="num">0</td><td class="num">0</td><td class="num">27</td><td></td><td></td></tr>
<tr><td><a href="#t2">ProblemUserTest</a></td><td class="num">0</td><td class="num attn">1</td><td class="num">0</td><td class="num">0</td><td class="num">21</td><td></td><td></td></tr>
<tr><th>Total</th><th class="num">0</th><th class="num attn">3</th><th class="num">0</th><th class="num">0</th><th class="num">1,438</th><th colspan="2"></th></tr>
</table>
<table id='summary'><thead><tr><th>Class</th><th>Method</th><th>Start</th><th>Time (ms)</th></tr></thead><tbody><tr><th colspan="4">swaglabs</th></tr></tbody><tbody id="t0"><tr><th colspan="4">LockedOutUserTest &#8212; failed (configuration methods)</th></tr><tr class="failedeven"><td rowspan="1">swaglabs.LockedOutUser</td><td><a href="#m0">openPage</a></td><td rowspan="1">1575256438433</td><td rowspan="1">1281</td></tr><tr><th colspan="4">LockedOutUserTest &#8212; skipped (configuration methods)</th></tr><tr class="skippedeven"><td rowspan="1">swaglabs.LockedOutUser</td><td><a href="#m1">tearDown</a></td><td rowspan="1">1575256439745</td><td rowspan="1">-1575256439745</td></tr><tr><th colspan="4">LockedOutUserTest &#8212; skipped</th></tr><tr class="skippedeven"><td rowspan="1">swaglabs.LockedOutUser</td><td><a href="#m2">validateUser</a></td><td rowspan="1">1575256439740</td><td rowspan="1">0</td></tr></tbody>
<tbody id="t1"><tr><th colspan="4">StandardUserTest &#8212; failed (configuration methods)</th></tr><tr class="failedeven"><td rowspan="1">swaglabs.StandardUser</td><td><a href="#m3">openPage</a></td><td rowspan="1">1575256440504</td><td rowspan="1">23</td></tr><tr><th colspan="4">StandardUserTest &#8212; skipped (configuration methods)</th></tr><tr class="skippedeven"><td rowspan="1">swaglabs.StandardUser</td><td><a href="#m4">tearDown</a></td><td rowspan="1">1575256440529</td><td rowspan="1">-1575256440529</td></tr><tr><th colspan="4">StandardUserTest &#8212; skipped</th></tr><tr class="skippedeven"><td rowspan="1">swaglabs.StandardUser</td><td><a href="#m5">validateUser</a></td><td rowspan="1">1575256440528</td><td rowspan="1">0</td></tr></tbody>
<tbody id="t2"><tr><th colspan="4">ProblemUserTest &#8212; failed (configuration methods)</th></tr><tr class="failedeven"><td rowspan="1">swaglabs.ProblemUser</td><td><a href="#m6">openPage</a></td><td rowspan="1">1575256440790</td><td rowspan="1">18</td></tr><tr><th colspan="4">ProblemUserTest &#8212; skipped (configuration methods)</th></tr><tr class="skippedeven"><td rowspan="1">swaglabs.ProblemUser</td><td><a href="#m7">tearDown</a></td><td rowspan="1">1575256440809</td><td rowspan="1">-1575256440809</td></tr><tr><th colspan="4">ProblemUserTest &#8212; skipped</th></tr><tr class="skippedeven"><td rowspan="1">swaglabs.ProblemUser</td><td><a href="#m8">validateUser</a></td><td rowspan="1">1575256440809</td><td rowspan="1">0</td></tr></tbody>
</table>
<h2>LockedOutUserTest</h2><h3 id="m0">swaglabs.LockedOutUser#openPage</h3><table class="result"><tr class="param"><th>Parameter #1</th></tr><tr class="param stripe"><td>C:\\Users\\Harini Shreedhar\\Downloads\\chromedriver\\chromedriver.exe</td></tr><tr><th>Exception</th></tr><tr><td><div class="stacktrace">java.lang.NoClassDefFoundError: org/apache/commons/logging/LogFactory
	at org.apache.http.conn.ssl.AbstractVerifier.&lt;init&gt;(AbstractVerifier.java:60)
	at org.apache.http.conn.ssl.AllowAllHostnameVerifier.&lt;init&gt;(AllowAllHostnameVerifier.java:43)
	at org.apache.http.conn.ssl.AllowAllHostnameVerifier.&lt;clinit&gt;(AllowAllHostnameVerifier.java:45)
	at org.apache.http.conn.ssl.SSLConnectionSocketFactory.&lt;clinit&gt;(SSLConnectionSocketFactory.java:144)
	at org.openqa.selenium.remote.internal.HttpClientFactory.getClientConnectionManager(HttpClientFactory.java:71)
	at org.openqa.selenium.remote.internal.HttpClientFactory.&lt;init&gt;(HttpClientFactory.java:57)
	at org.openqa.selenium.remote.internal.HttpClientFactory.&lt;init&gt;(HttpClientFactory.java:60)
	at org.openqa.selenium.remote.internal.ApacheHttpClient$Factory.getDefaultHttpClientFactory(ApacheHttpClient.java:250)
	at org.openqa.selenium.remote.internal.ApacheHttpClient$Factory.&lt;init&gt;(ApacheHttpClient.java:227)
	at org.openqa.selenium.remote.HttpCommandExecutor.getDefaultClientFactory(HttpCommandExecutor.java:92)
	at org.openqa.selenium.remote.HttpCommandExecutor.&lt;init&gt;(HttpCommandExecutor.java:71)
	at org.openqa.selenium.remote.service.DriverCommandExecutor.&lt;init&gt;(DriverCommandExecutor.java:62)
	at org.openqa.selenium.chrome.ChromeDriverCommandExecutor.&lt;init&gt;(ChromeDriverCommandExecutor.java:40)
	at org.openqa.selenium.chrome.ChromeDriver.&lt;init&gt;(ChromeDriver.java:174)
	at org.openqa.selenium.chrome.ChromeDriver.&lt;init&gt;(ChromeDriver.java:163)
	at org.openqa.selenium.chrome.ChromeDriver.&lt;init&gt;(ChromeDriver.java:120)
	at swaglabs.LoginUser.openPage(LoginUser.java:30)
	at swaglabs.LockedOutUser.openPage(LockedOutUser.java:16)
	at java.util.ArrayList.forEach(Unknown Source)
Caused by: java.lang.ClassNotFoundException: org.apache.commons.logging.LogFactory
	at java.net.URLClassLoader.findClass(Unknown Source)
	at java.lang.ClassLoader.loadClass(Unknown Source)
	at sun.misc.Launcher$AppClassLoader.loadClass(Unknown Source)
	at java.lang.ClassLoader.loadClass(Unknown Source)
	... 43 more
... Removed 24 stack frames</div></td></tr></table><p class="totop"><a href="#summary">back to summary</a></p>
<h3 id="m1">swaglabs.LockedOutUser#tearDown</h3><table class="result"><tr><th class="invisible"/></tr></table><p class="totop"><a href="#summary">back to summary</a></p>
<h3 id="m2">swaglabs.LockedOutUser#validateUser</h3><table class="result"><tr><th>Exception</th></tr><tr><td><div class="stacktrace">java.lang.NoClassDefFoundError: org/apache/commons/logging/LogFactory
	at org.apache.http.conn.ssl.AbstractVerifier.&lt;init&gt;(AbstractVerifier.java:60)
	at org.apache.http.conn.ssl.AllowAllHostnameVerifier.&lt;init&gt;(AllowAllHostnameVerifier.java:43)
	at org.apache.http.conn.ssl.AllowAllHostnameVerifier.&lt;clinit&gt;(AllowAllHostnameVerifier.java:45)
	at org.apache.http.conn.ssl.SSLConnectionSocketFactory.&lt;clinit&gt;(SSLConnectionSocketFactory.java:144)
	at org.openqa.selenium.remote.internal.HttpClientFactory.getClientConnectionManager(HttpClientFactory.java:71)
	at org.openqa.selenium.remote.internal.HttpClientFactory.&lt;init&gt;(HttpClientFactory.java:57)
	at org.openqa.selenium.remote.internal.HttpClientFactory.&lt;init&gt;(HttpClientFactory.java:60)
	at org.openqa.selenium.remote.internal.ApacheHttpClient$Factory.getDefaultHttpClientFactory(ApacheHttpClient.java:250)
	at org.openqa.selenium.remote.internal.ApacheHttpClient$Factory.&lt;init&gt;(ApacheHttpClient.java:227)
	at org.openqa.selenium.remote.HttpCommandExecutor.getDefaultClientFactory(HttpCommandExecutor.java:92)
	at org.openqa.selenium.remote.HttpCommandExecutor.&lt;init&gt;(HttpCommandExecutor.java:71)
	at org.openqa.selenium.remote.service.DriverCommandExecutor.&lt;init&gt;(DriverCommandExecutor.java:62)
	at org.openqa.selenium.chrome.ChromeDriverCommandExecutor.&lt;init&gt;(ChromeDriverCommandExecutor.java:40)
	at org.openqa.selenium.chrome.ChromeDriver.&lt;init&gt;(ChromeDriver.java:174)
	at org.openqa.selenium.chrome.ChromeDriver.&lt;init&gt;(ChromeDriver.java:163)
	at org.openqa.selenium.chrome.ChromeDriver.&lt;init&gt;(ChromeDriver.java:120)
	at swaglabs.LoginUser.openPage(LoginUser.java:30)
	at swaglabs.LockedOutUser.openPage(LockedOutUser.java:16)
	at java.util.ArrayList.forEach(Unknown Source)
Caused by: java.lang.ClassNotFoundException: org.apache.commons.logging.LogFactory
	at java.net.URLClassLoader.findClass(Unknown Source)
	at java.lang.ClassLoader.loadClass(Unknown Source)
	at sun.misc.Launcher$AppClassLoader.loadClass(Unknown Source)
	at java.lang.ClassLoader.loadClass(Unknown Source)
	... 43 more
... Removed 24 stack frames</div></td></tr></table><p class="totop"><a href="#summary">back to summary</a></p>
<h2>StandardUserTest</h2><h3 id="m3">swaglabs.StandardUser#openPage</h3><table class="result"><tr class="param"><th>Parameter #1</th></tr><tr class="param stripe"><td>C:\\Users\\Harini Shreedhar\\Downloads\\chromedriver\\chromedriver.exe</td></tr><tr><th>Exception</th></tr><tr><td><div class="stacktrace">java.lang.NoClassDefFoundError: Could not initialize class org.apache.http.conn.ssl.SSLConnectionSocketFactory
	at org.openqa.selenium.remote.internal.HttpClientFactory.getClientConnectionManager(HttpClientFactory.java:71)
	at org.openqa.selenium.remote.internal.HttpClientFactory.&lt;init&gt;(HttpClientFactory.java:57)
	at org.openqa.selenium.remote.internal.HttpClientFactory.&lt;init&gt;(HttpClientFactory.java:60)
	at org.openqa.selenium.remote.internal.ApacheHttpClient$Factory.getDefaultHttpClientFactory(ApacheHttpClient.java:250)
	at org.openqa.selenium.remote.internal.ApacheHttpClient$Factory.&lt;init&gt;(ApacheHttpClient.java:227)
	at org.openqa.selenium.remote.HttpCommandExecutor.getDefaultClientFactory(HttpCommandExecutor.java:92)
	at org.openqa.selenium.remote.HttpCommandExecutor.&lt;init&gt;(HttpCommandExecutor.java:71)
	at org.openqa.selenium.remote.service.DriverCommandExecutor.&lt;init&gt;(DriverCommandExecutor.java:62)
	at org.openqa.selenium.chrome.ChromeDriverCommandExecutor.&lt;init&gt;(ChromeDriverCommandExecutor.java:40)
	at org.openqa.selenium.chrome.ChromeDriver.&lt;init&gt;(ChromeDriver.java:174)
	at org.openqa.selenium.chrome.ChromeDriver.&lt;init&gt;(ChromeDriver.java:163)
	at org.openqa.selenium.chrome.ChromeDriver.&lt;init&gt;(ChromeDriver.java:120)
	at swaglabs.LoginUser.openPage(LoginUser.java:30)
	at swaglabs.StandardUser.openPage(StandardUser.java:19)
	at java.util.ArrayList.forEach(Unknown Source)
... Removed 24 stack frames</div></td></tr></table><p class="totop"><a href="#summary">back to summary</a></p>
<h3 id="m4">swaglabs.StandardUser#tearDown</h3><table class="result"><tr><th class="invisible"/></tr></table><p class="totop"><a href="#summary">back to summary</a></p>
<h3 id="m5">swaglabs.StandardUser#validateUser</h3><table class="result"><tr><th>Exception</th></tr><tr><td><div class="stacktrace">java.lang.NoClassDefFoundError: Could not initialize class org.apache.http.conn.ssl.SSLConnectionSocketFactory
	at org.openqa.selenium.remote.internal.HttpClientFactory.getClientConnectionManager(HttpClientFactory.java:71)
	at org.openqa.selenium.remote.internal.HttpClientFactory.&lt;init&gt;(HttpClientFactory.java:57)
	at org.openqa.selenium.remote.internal.HttpClientFactory.&lt;init&gt;(HttpClientFactory.java:60)
	at org.openqa.selenium.remote.internal.ApacheHttpClient$Factory.getDefaultHttpClientFactory(ApacheHttpClient.java:250)
	at org.openqa.selenium.remote.internal.ApacheHttpClient$Factory.&lt;init&gt;(ApacheHttpClient.java:227)
	at org.openqa.selenium.remote.HttpCommandExecutor.getDefaultClientFactory(HttpCommandExecutor.java:92)
	at org.openqa.selenium.remote.HttpCommandExecutor.&lt;init&gt;(HttpCommandExecutor.java:71)
	at org.openqa.selenium.remote.service.DriverCommandExecutor.&lt;init&gt;(DriverCommandExecutor.java:62)
	at org.openqa.selenium.chrome.ChromeDriverCommandExecutor.&lt;init&gt;(ChromeDriverCommandExecutor.java:40)
	at org.openqa.selenium.chrome.ChromeDriver.&lt;init&gt;(ChromeDriver.java:174)
	at org.openqa.selenium.chrome.ChromeDriver.&lt;init&gt;(ChromeDriver.java:163)
	at org.openqa.selenium.chrome.ChromeDriver.&lt;init&gt;(ChromeDriver.java:120)
	at swaglabs.LoginUser.openPage(LoginUser.java:30)
	at swaglabs.StandardUser.openPage(StandardUser.java:19)
	at java.util.ArrayList.forEach(Unknown Source)
... Removed 24 stack frames</div></td></tr></table><p class="totop"><a href="#summary">back to summary</a></p>
<h2>ProblemUserTest</h2><h3 id="m6">swaglabs.ProblemUser#openPage</h3><table class="result"><tr class="param"><th>Parameter #1</th></tr><tr class="param stripe"><td>C:\\Users\\Harini Shreedhar\\Downloads\\chromedriver\\chromedriver.exe</td></tr><tr><th>Exception</th></tr><tr><td><div class="stacktrace">java.lang.NoClassDefFoundError: Could not initialize class org.apache.http.conn.ssl.SSLConnectionSocketFactory
	at org.openqa.selenium.remote.internal.HttpClientFactory.getClientConnectionManager(HttpClientFactory.java:71)
	at org.openqa.selenium.remote.internal.HttpClientFactory.&lt;init&gt;(HttpClientFactory.java:57)
	at org.openqa.selenium.remote.internal.HttpClientFactory.&lt;init&gt;(HttpClientFactory.java:60)
	at org.openqa.selenium.remote.internal.ApacheHttpClient$Factory.getDefaultHttpClientFactory(ApacheHttpClient.java:250)
	at org.openqa.selenium.remote.internal.ApacheHttpClient$Factory.&lt;init&gt;(ApacheHttpClient.java:227)
	at org.openqa.selenium.remote.HttpCommandExecutor.getDefaultClientFactory(HttpCommandExecutor.java:92)
	at org.openqa.selenium.remote.HttpCommandExecutor.&lt;init&gt;(HttpCommandExecutor.java:71)
	at org.openqa.selenium.remote.service.DriverCommandExecutor.&lt;init&gt;(DriverCommandExecutor.java:62)
	at org.openqa.selenium.chrome.ChromeDriverCommandExecutor.&lt;init&gt;(ChromeDriverCommandExecutor.java:40)
	at org.openqa.selenium.chrome.ChromeDriver.&lt;init&gt;(ChromeDriver.java:174)
	at org.openqa.selenium.chrome.ChromeDriver.&lt;init&gt;(ChromeDriver.java:163)
	at org.openqa.selenium.chrome.ChromeDriver.&lt;init&gt;(ChromeDriver.java:120)
	at swaglabs.LoginUser.openPage(LoginUser.java:30)
	at swaglabs.ProblemUser.openPage(ProblemUser.java:21)
	at java.util.ArrayList.forEach(Unknown Source)
... Removed 24 stack frames</div></td></tr></table><p class="totop"><a href="#summary">back to summary</a></p>
<h3 id="m7">swaglabs.ProblemUser#tearDown</h3><table class="result"><tr><th class="invisible"/></tr></table><p class="totop"><a href="#summary">back to summary</a></p>
<h3 id="m8">swaglabs.ProblemUser#validateUser</h3><table class="result"><tr><th>Exception</th></tr><tr><td><div class="stacktrace">java.lang.NoClassDefFoundError: Could not initialize class org.apache.http.conn.ssl.SSLConnectionSocketFactory
	at org.openqa.selenium.remote.internal.HttpClientFactory.getClientConnectionManager(HttpClientFactory.java:71)
	at org.openqa.selenium.remote.internal.HttpClientFactory.&lt;init&gt;(HttpClientFactory.java:57)
	at org.openqa.selenium.remote.internal.HttpClientFactory.&lt;init&gt;(HttpClientFactory.java:60)
	at org.openqa.selenium.remote.internal.ApacheHttpClient$Factory.getDefaultHttpClientFactory(ApacheHttpClient.java:250)
	at org.openqa.selenium.remote.internal.ApacheHttpClient$Factory.&lt;init&gt;(ApacheHttpClient.java:227)
	at org.openqa.selenium.remote.HttpCommandExecutor.getDefaultClientFactory(HttpCommandExecutor.java:92)
	at org.openqa.selenium.remote.HttpCommandExecutor.&lt;init&gt;(HttpCommandExecutor.java:71)
	at org.openqa.selenium.remote.service.DriverCommandExecutor.&lt;init&gt;(DriverCommandExecutor.java:62)
	at org.openqa.selenium.chrome.ChromeDriverCommandExecutor.&lt;init&gt;(ChromeDriverCommandExecutor.java:40)
	at org.openqa.selenium.chrome.ChromeDriver.&lt;init&gt;(ChromeDriver.java:174)
	at org.openqa.selenium.chrome.ChromeDriver.&lt;init&gt;(ChromeDriver.java:163)
	at org.openqa.selenium.chrome.ChromeDriver.&lt;init&gt;(ChromeDriver.java:120)
	at swaglabs.LoginUser.openPage(LoginUser.java:30)
	at swaglabs.ProblemUser.openPage(ProblemUser.java:21)
	at java.util.ArrayList.forEach(Unknown Source)
... Removed 24 stack frames</div></td></tr></table><p class="totop"><a href="#summary">back to summary</a></p>
</body>
</html>
